<?xml version="1.0" encoding="UTF-8"?>
<!-- Generated by org.testng.reporters.JUnitReportReporter -->
<testsuite hostname="laptopcuatruong" failures="1" tests="11" name="TESTCASES.Test_Update_Article2" time="238.322" errors="0" timestamp="2023-11-06T23:59:24 ICT" skipped="0">
  <testcase classname="TESTCASES.Test_Update_Article2" name="TC01_test_Update_Article" time="27.562"/>
  <system-out/>
  <testcase classname="TESTCASES.Test_Update_Article2" name="TC02_test_Update_Article" time="25.960"/>
  <system-out/>
  <testcase classname="TESTCASES.Test_Update_Article2" name="TC03_test_Update_Article" time="25.882"/>
  <system-out/>
  <testcase classname="TESTCASES.Test_Update_Article2" name="TC04_test_Update_Article" time="25.934"/>
  <system-out/>
  <testcase classname="TESTCASES.Test_Update_Article2" name="TC05_test_Update_Article" time="22.656">
    <failure message="Testcase thất bại expected [Bài viết chưa được cập nhật. Vui lòng chọn chuyên mục.] but found [Bài viết đã được cập nhật. Xem bài viết
Bỏ qua thông báo này]" type="java.lang.AssertionError">
      <![CDATA[java.lang.AssertionError: Testcase thất bại expected [Bài viết chưa được cập nhật. Vui lòng chọn chuyên mục.] but found [Bài viết đã được cập nhật. Xem bài viết
Bỏ qua thông báo này]
at org.testng.Assert.fail(Assert.java:99)
at org.testng.Assert.failNotEquals(Assert.java:1037)
at org.testng.Assert.assertEqualsImpl(Assert.java:140)
at org.testng.Assert.assertEquals(Assert.java:122)
at org.testng.Assert.assertEquals(Assert.java:629)
at PAGES.update_article_page.check_Update_article(update_article_page.java:298)
at PAGES.update_article_page.Update_article(update_article_page.java:53)
at TESTCASES.Test_Update_Article2.TC05_test_Update_Article(Test_Update_Article2.java:98)
at java.base/jdk.internal.reflect.DirectMethodHandleAccessor.invoke(DirectMethodHandleAccessor.java:104)
at java.base/java.lang.reflect.Method.invoke(Method.java:578)
at org.testng.internal.MethodInvocationHelper.invokeMethod(MethodInvocationHelper.java:133)
at org.testng.internal.TestInvoker.invokeMethod(TestInvoker.java:598)
at org.testng.internal.TestInvoker.invokeTestMethod(TestInvoker.java:173)
at org.testng.internal.MethodRunner.runInSequence(MethodRunner.java:46)
at org.testng.internal.TestInvoker$MethodInvocationAgent.invoke(TestInvoker.java:824)
at org.testng.internal.TestInvoker.invokeTestMethods(TestInvoker.java:146)
at org.testng.internal.TestMethodWorker.invokeTestMethods(TestMethodWorker.java:146)
at org.testng.internal.TestMethodWorker.run(TestMethodWorker.java:128)
at java.base/java.util.ArrayList.forEach(ArrayList.java:1511)
at org.testng.TestRunner.privateRun(TestRunner.java:794)
at org.testng.TestRunner.run(TestRunner.java:596)
at org.testng.SuiteRunner.runTest(SuiteRunner.java:377)
at org.testng.SuiteRunner.runSequentially(SuiteRunner.java:371)
at org.testng.SuiteRunner.privateRun(SuiteRunner.java:332)
at org.testng.SuiteRunner.run(SuiteRunner.java:276)
at org.testng.SuiteRunnerWorker.runSuite(SuiteRunnerWorker.java:53)
at org.testng.SuiteRunnerWorker.run(SuiteRunnerWorker.java:96)
at org.testng.TestNG.runSuitesSequentially(TestNG.java:1212)
at org.testng.TestNG.runSuitesLocally(TestNG.java:1134)
at org.testng.TestNG.runSuites(TestNG.java:1063)
at org.testng.TestNG.run(TestNG.java:1031)
at org.testng.remote.AbstractRemoteTestNG.run(AbstractRemoteTestNG.java:115)
at org.testng.remote.RemoteTestNG.initAndRun(RemoteTestNG.java:251)
at org.testng.remote.RemoteTestNG.main(RemoteTestNG.java:77)
]]>
    </failure>
  </testcase> <!-- TC05_test_Update_Article -->
  <system-out/>
  <testcase classname="TESTCASES.Test_Update_Article2" name="TC06_test_Update_Article" time="25.930"/>
  <system-out/>
  <testcase classname="TESTCASES.Test_Update_Article2" name="TC07_test_Update_Article" time="19.430"/>
  <system-out/>
  <testcase classname="TESTCASES.Test_Update_Article2" name="TC08_test_Update_Article" time="25.986"/>
  <system-out/>
  <testcase classname="TESTCASES.Test_Update_Article2" name="TC09_test_Update_Article" time="29.295"/>
  <system-out/>
  <testcase classname="TESTCASES.Test_Update_Article2" name="TC010_test_Update_Article" time="6.229"/>
  <system-out/>
  <testcase classname="TESTCASES.Test_Update_Article2" name="TC011_test_Update_Article" time="3.458"/>
  <system-out/>
</testsuite> <!-- TESTCASES.Test_Update_Article2 -->
